<?xml version="1.0" encoding="UTF-8" ?>
<testsuite 
errors="0" failures="0" hostname="Shengs-MacBook-Pro.local" name="org.scalatest.tools.DiscoverySuite" tests="0" time="0.021" timestamp="2016-11-01T19:57:26">
  <properties>
    <property name="java.runtime.name" value="Java(TM) SE Runtime Environment">
    </property>
    <property 
    name="sun.boot.library.path" value="/Library/Java/JavaVirtualMachines/jdk1.7.0_45.jdk/Contents/Home/jre/lib">
</property>
    <property name="java.vm.version" value="24.45-b08"> </property>
    <property name="gopherProxySet" value="false"> </property>
    <property name="java.vm.vendor" value="Oracle Corporation"> </property>
    <property name="java.vendor.url" value="http://java.oracle.com/">
    </property>
    <property name="path.separator" value=":"> </property>
    <property name="java.vm.name" value="Java HotSpot(TM) 64-Bit Server VM">
    </property>
    <property name="file.encoding.pkg" value="sun.io"> </property>
    <property name="user.country" value="US"> </property>
    <property name="sun.java.launcher" value="SUN_STANDARD"> </property>
    <property name="sun.os.patch.level" value="unknown"> </property>
    <property 
    name="java.vm.specification.name" value="Java Virtual Machine Specification">
</property>
    <property name="user.dir" value="/Users/shengdi/Documents/notebook-web">
    </property>
    <property name="java.runtime.version" value="1.7.0_45-b18"> </property>
    <property name="java.awt.graphicsenv" value="sun.awt.CGraphicsEnvironment">
    </property>
    <property name="basedir" value="/Users/shengdi/Documents/notebook-web">
    </property>
    <property 
    name="java.endorsed.dirs" value="/Library/Java/JavaVirtualMachines/jdk1.7.0_45.jdk/Contents/Home/jre/lib/endorsed">
</property>
    <property name="os.arch" value="x86_64"> </property>
    <property 
    name="java.io.tmpdir" value="/var/folders/f4/0tc43pvn5m1gr71zd42kgrcr0000gn/T/">
</property>
    <property name="line.separator" value=" "> </property>
    <property name="java.vm.specification.vendor" value="Oracle Corporation">
    </property>
    <property name="os.name" value="Mac OS X"> </property>
    <property name="sun.jnu.encoding" value="UTF-8"> </property>
    <property 
    name="java.library.path" value="/Users/shengdi/Library/Java/Extensions:/Library/Java/Extensions:/Network/Library/Java/Extensions:/System/Library/Java/Extensions:/usr/lib/java:.">
</property>
    <property 
    name="java.specification.name" value="Java Platform API Specification">
</property>
    <property name="java.class.version" value="51.0"> </property>
    <property 
    name="sun.management.compiler" value="HotSpot 64-Bit Tiered Compilers">
</property>
    <property name="os.version" value="10.11.5"> </property>
    <property 
    name="http.nonProxyHosts" value="local|*.local|169.254/16|*.169.254/16">
</property>
    <property name="user.home" value="/Users/shengdi"> </property>
    <property name="user.timezone" value=""> </property>
    <property name="java.awt.printerjob" value="sun.lwawt.macosx.CPrinterJob">
    </property>
    <property name="file.encoding" value="UTF-8"> </property>
    <property name="java.specification.version" value="1.7"> </property>
    <property name="user.name" value="shengdi"> </property>
    <property 
    name="java.class.path" value="/Users/shengdi/Documents/notebook-web/target/test-classes:/Users/shengdi/Documents/notebook-web/target/classes:/Users/shengdi/.m2/repository/org/scala-lang/scala-library/2.11.7/scala-library-2.11.7.jar:/Users/shengdi/.m2/repository/org/json4s/json4s-native_2.11/3.3.0/json4s-native_2.11-3.3.0.jar:/Users/shengdi/.m2/repository/org/json4s/json4s-core_2.11/3.3.0/json4s-core_2.11-3.3.0.jar:/Users/shengdi/.m2/repository/org/json4s/json4s-ast_2.11/3.3.0/json4s-ast_2.11-3.3.0.jar:/Users/shengdi/.m2/repository/org/json4s/json4s-scalap_2.11/3.3.0/json4s-scalap_2.11-3.3.0.jar:/Users/shengdi/.m2/repository/com/thoughtworks/paranamer/paranamer/2.8/paranamer-2.8.jar:/Users/shengdi/.m2/repository/org/scalatra/scalatra-swagger_2.11/2.4.1/scalatra-swagger_2.11-2.4.1.jar:/Users/shengdi/.m2/repository/org/scalatra/scalatra-json_2.11/2.4.1/scalatra-json_2.11-2.4.1.jar:/Users/shengdi/.m2/repository/org/scala-lang/modules/scala-parser-combinators_2.11/1.0.4/scala-parser-combinators_2.11-1.0.4.jar:/Users/shengdi/.m2/repository/org/json4s/json4s-ext_2.11/3.3.0/json4s-ext_2.11-3.3.0.jar:/Users/shengdi/.m2/repository/org/scalatra/scalatra_2.11/2.4.1/scalatra_2.11-2.4.1.jar:/Users/shengdi/.m2/repository/org/scalatra/scalatra-common_2.11/2.4.1/scalatra-common_2.11-2.4.1.jar:/Users/shengdi/.m2/repository/org/slf4j/slf4j-api/1.7.13/slf4j-api-1.7.13.jar:/Users/shengdi/.m2/repository/org/clapper/grizzled-slf4j_2.11/1.0.2/grizzled-slf4j_2.11-1.0.2.jar:/Users/shengdi/.m2/repository/org/scalatra/rl/rl_2.11/0.4.10/rl_2.11-0.4.10.jar:/Users/shengdi/.m2/repository/com/googlecode/juniversalchardet/juniversalchardet/1.0.3/juniversalchardet-1.0.3.jar:/Users/shengdi/.m2/repository/eu/medsea/mimeutil/mime-util/2.1.3/mime-util-2.1.3.jar:/Users/shengdi/.m2/repository/joda-time/joda-time/2.9.1/joda-time-2.9.1.jar:/Users/shengdi/.m2/repository/org/joda/joda-convert/1.8.1/joda-convert-1.8.1.jar:/Users/shengdi/.m2/repository/org/scala-lang/modules/scala-xml_2.11/1.0.5/scala-xml_2.11-1.0.5.jar:/Users/shengdi/.m2/repository/org/scalatra/scalatra-scalate_2.11/2.4.1/scalatra-scalate_2.11-2.4.1.jar:/Users/shengdi/.m2/repository/org/scalatra/scalate/scalate-core_2.11/1.7.1/scalate-core_2.11-1.7.1.jar:/Users/shengdi/.m2/repository/org/scalatra/scalate/scalate-util_2.11/1.7.1/scalate-util_2.11-1.7.1.jar:/Users/shengdi/.m2/repository/org/scala-lang/scala-compiler/2.11.0/scala-compiler-2.11.0.jar:/Users/shengdi/.m2/repository/org/scalatra/scalatra-specs2_2.11/2.4.1/scalatra-specs2_2.11-2.4.1.jar:/Users/shengdi/.m2/repository/org/scalatra/scalatra-test_2.11/2.4.1/scalatra-test_2.11-2.4.1.jar:/Users/shengdi/.m2/repository/org/eclipse/jetty/jetty-webapp/9.2.14.v20151106/jetty-webapp-9.2.14.v20151106.jar:/Users/shengdi/.m2/repository/org/eclipse/jetty/jetty-xml/9.2.14.v20151106/jetty-xml-9.2.14.v20151106.jar:/Users/shengdi/.m2/repository/org/eclipse/jetty/jetty-util/9.2.14.v20151106/jetty-util-9.2.14.v20151106.jar:/Users/shengdi/.m2/repository/org/eclipse/jetty/jetty-servlet/9.2.14.v20151106/jetty-servlet-9.2.14.v20151106.jar:/Users/shengdi/.m2/repository/org/eclipse/jetty/jetty-security/9.2.14.v20151106/jetty-security-9.2.14.v20151106.jar:/Users/shengdi/.m2/repository/org/eclipse/jetty/jetty-server/9.2.14.v20151106/jetty-server-9.2.14.v20151106.jar:/Users/shengdi/.m2/repository/org/eclipse/jetty/jetty-http/9.2.14.v20151106/jetty-http-9.2.14.v20151106.jar:/Users/shengdi/.m2/repository/org/eclipse/jetty/jetty-io/9.2.14.v20151106/jetty-io-9.2.14.v20151106.jar:/Users/shengdi/.m2/repository/javax/servlet/javax.servlet-api/3.1.0/javax.servlet-api-3.1.0.jar:/Users/shengdi/.m2/repository/org/mockito/mockito-all/1.10.19/mockito-all-1.10.19.jar:/Users/shengdi/.m2/repository/org/apache/commons/commons-lang3/3.4/commons-lang3-3.4.jar:/Users/shengdi/.m2/repository/org/apache/httpcomponents/httpclient/4.5.1/httpclient-4.5.1.jar:/Users/shengdi/.m2/repository/org/apache/httpcomponents/httpcore/4.4.3/httpcore-4.4.3.jar:/Users/shengdi/.m2/repository/commons-logging/commons-logging/1.2/commons-logging-1.2.jar:/Users/shengdi/.m2/repository/commons-codec/commons-codec/1.9/commons-codec-1.9.jar:/Users/shengdi/.m2/repository/org/apache/httpcomponents/httpmime/4.5.1/httpmime-4.5.1.jar:/Users/shengdi/.m2/repository/org/specs2/specs2-core_2.11/3.7.2/specs2-core_2.11-3.7.2.jar:/Users/shengdi/.m2/repository/org/specs2/specs2-matcher_2.11/3.7.2/specs2-matcher_2.11-3.7.2.jar:/Users/shengdi/.m2/repository/org/specs2/specs2-common_2.11/3.7.2/specs2-common_2.11-3.7.2.jar:/Users/shengdi/.m2/repository/org/spire-math/kind-projector_2.11/0.7.1/kind-projector_2.11-0.7.1.jar:/Users/shengdi/.m2/repository/org/scalaz/scalaz-core_2.11/7.2.0/scalaz-core_2.11-7.2.0.jar:/Users/shengdi/.m2/repository/org/scalaz/scalaz-effect_2.11/7.2.0/scalaz-effect_2.11-7.2.0.jar:/Users/shengdi/.m2/repository/org/scalaz/scalaz-concurrent_2.11/7.2.0/scalaz-concurrent_2.11-7.2.0.jar:/Users/shengdi/.m2/repository/org/scalaz/stream/scalaz-stream_2.11/0.8a/scalaz-stream_2.11-0.8a.jar:/Users/shengdi/.m2/repository/org/scodec/scodec-bits_2.11/1.0.12/scodec-bits_2.11-1.0.12.jar:/Users/shengdi/.m2/repository/org/scala-lang/scala-reflect/2.11.7/scala-reflect-2.11.7.jar:/Users/shengdi/.m2/repository/org/specs2/specs2-mock_2.11/3.7.2/specs2-mock_2.11-3.7.2.jar:/Users/shengdi/.m2/repository/org/hamcrest/hamcrest-core/1.3/hamcrest-core-1.3.jar:/Users/shengdi/.m2/repository/org/mockito/mockito-core/1.9.5/mockito-core-1.9.5.jar:/Users/shengdi/.m2/repository/org/objenesis/objenesis/1.0/objenesis-1.0.jar:/Users/shengdi/.m2/repository/org/specs2/specs2-matcher-extra_2.11/3.7.2/specs2-matcher-extra_2.11-3.7.2.jar:/Users/shengdi/.m2/repository/org/specs2/specs2-analysis_2.11/3.7.2/specs2-analysis_2.11-3.7.2.jar:/Users/shengdi/.m2/repository/org/specs2/classycle/1.4.3/classycle-1.4.3.jar:/Users/shengdi/.m2/repository/org/scalatra/scalatra-scalatest_2.11/2.4.1/scalatra-scalatest_2.11-2.4.1.jar:/Users/shengdi/.m2/repository/org/scalatest/scalatest_2.11/2.2.5/scalatest_2.11-2.2.5.jar:/Users/shengdi/.m2/repository/org/scalatra/scalatra-auth_2.11/2.4.1/scalatra-auth_2.11-2.4.1.jar:/Users/shengdi/.m2/repository/net/iharder/base64/2.3.8/base64-2.3.8.jar:/Users/shengdi/.m2/repository/com/typesafe/config/1.3.0/config-1.3.0.jar:/Users/shengdi/.m2/repository/com/google/code/gson/gson/2.7/gson-2.7.jar:/Users/shengdi/.m2/repository/ch/qos/logback/logback-classic/1.1.7/logback-classic-1.1.7.jar:/Users/shengdi/.m2/repository/ch/qos/logback/logback-core/1.1.7/logback-core-1.1.7.jar:/Users/shengdi/.m2/repository/junit/junit/3.8.1/junit-3.8.1.jar">
</property>
    <property name="java.vm.specification.version" value="1.7"> </property>
    <property name="sun.arch.data.model" value="64"> </property>
    <property 
    name="java.home" value="/Library/Java/JavaVirtualMachines/jdk1.7.0_45.jdk/Contents/Home/jre">
</property>
    <property 
    name="sun.java.command" value="org.scalatest.tools.Runner -R /Users/shengdi/Documents/notebook-web/target/classes /Users/shengdi/Documents/notebook-web/target/test-classes -o -fWDF /Users/shengdi/Documents/notebook-web/target/surefire-reports/TestSuite.txt -u /Users/shengdi/Documents/notebook-web/target/surefire-reports/.">
</property>
    <property name="java.specification.vendor" value="Oracle Corporation">
    </property>
    <property name="user.language" value="en"> </property>
    <property name="awt.toolkit" value="sun.lwawt.macosx.LWCToolkit">
    </property>
    <property name="java.vm.info" value="mixed mode"> </property>
    <property name="java.version" value="1.7.0_45"> </property>
    <property 
    name="java.ext.dirs" value="/Users/shengdi/Library/Java/Extensions:/Library/Java/JavaVirtualMachines/jdk1.7.0_45.jdk/Contents/Home/jre/lib/ext:/Library/Java/Extensions:/Network/Library/Java/Extensions:/System/Library/Java/Extensions:/usr/lib/java">
</property>
    <property 
    name="sun.boot.class.path" value="/Library/Java/JavaVirtualMachines/jdk1.7.0_45.jdk/Contents/Home/jre/lib/resources.jar:/Library/Java/JavaVirtualMachines/jdk1.7.0_45.jdk/Contents/Home/jre/lib/rt.jar:/Library/Java/JavaVirtualMachines/jdk1.7.0_45.jdk/Contents/Home/jre/lib/sunrsasign.jar:/Library/Java/JavaVirtualMachines/jdk1.7.0_45.jdk/Contents/Home/jre/lib/jsse.jar:/Library/Java/JavaVirtualMachines/jdk1.7.0_45.jdk/Contents/Home/jre/lib/jce.jar:/Library/Java/JavaVirtualMachines/jdk1.7.0_45.jdk/Contents/Home/jre/lib/charsets.jar:/Library/Java/JavaVirtualMachines/jdk1.7.0_45.jdk/Contents/Home/jre/lib/jfr.jar:/Library/Java/JavaVirtualMachines/jdk1.7.0_45.jdk/Contents/Home/jre/lib/JObjC.jar:/Library/Java/JavaVirtualMachines/jdk1.7.0_45.jdk/Contents/Home/jre/classes">
</property>
    <property name="java.vendor" value="Oracle Corporation"> </property>
    <property name="file.separator" value="/"> </property>
    <property 
    name="java.vendor.url.bug" value="http://bugreport.sun.com/bugreport/">
</property>
    <property name="sun.cpu.endian" value="little"> </property>
    <property name="sun.io.unicode.encoding" value="UnicodeBig"> </property>
    <property 
    name="socksNonProxyHosts" value="local|*.local|169.254/16|*.169.254/16">
</property>
    <property 
    name="ftp.nonProxyHosts" value="local|*.local|169.254/16|*.169.254/16">
</property>
    <property name="sun.cpu.isalist" value=""> </property>
  </properties>
  <system-out><![CDATA[]]></system-out>
  <system-err><![CDATA[]]></system-err>
</testsuite>
